Mon Jan 04 23:00:44 KST 2021
ERROR org.eclipse.rse.ui  Error refreshing remote edit project
org.eclipse.core.internal.resources.ResourceException: Errors occurred while refreshing resources with the local file system.
	at org.eclipse.core.internal.localstore.FileSystemResourceManager.refreshResource(FileSystemResourceManager.java:980)
	at org.eclipse.core.internal.localstore.FileSystemResourceManager.refresh(FileSystemResourceManager.java:960)
	at org.eclipse.core.internal.resources.Resource.refreshLocal(Resource.java:1552)
	at org.eclipse.rse.internal.files.ui.resources.SystemRemoteEditManager.refreshRemoteEditProject(SystemRemoteEditManager.java:796)
	at org.eclipse.rse.internal.files.ui.Activator$InitRemoteEditJob.run(Activator.java:79)
	at org.eclipse.core.internal.jobs.Worker.run(Worker.java:63)
Contains: The project description file (.project) for 'RemoteSystemsTempFiles' is missing.  This file contains important information about the project.  The project will not function properly until this file is restored.
java.lang.Exception: The project description file (.project) for 'RemoteSystemsTempFiles' is missing.  This file contains important information about the project.  The project will not function properly until this file is restored.
	at org.eclipse.core.internal.resources.ResourceException.provideStackTrace(ResourceException.java:42)
	at org.eclipse.core.internal.resources.ResourceException.<init>(ResourceException.java:38)
	at org.eclipse.core.internal.localstore.FileSystemResourceManager.read(FileSystemResourceManager.java:907)
	at org.eclipse.core.internal.resources.Project.updateDescription(Project.java:1336)
	at org.eclipse.core.internal.resources.File.updateMetadataFiles(File.java:382)
	at org.eclipse.core.internal.localstore.RefreshLocalVisitor.visit(RefreshLocalVisitor.java:291)
	at org.eclipse.core.internal.localstore.UnifiedTree.accept(UnifiedTree.java:118)
	at org.eclipse.core.internal.localstore.FileSystemResourceManager.refreshResource(FileSystemResourceManager.java:977)
	at org.eclipse.core.internal.localstore.FileSystemResourceManager.refresh(FileSystemResourceManager.java:960)
	at org.eclipse.core.internal.resources.Resource.refreshLocal(Resource.java:1552)
	at org.eclipse.rse.internal.files.ui.resources.SystemRemoteEditManager.refreshRemoteEditProject(SystemRemoteEditManager.java:796)
	at org.eclipse.rse.internal.files.ui.Activator$InitRemoteEditJob.run(Activator.java:79)
	at org.eclipse.core.internal.jobs.Worker.run(Worker.java:63)
--------------------------------------------
